TN:
SF:/Users/RaulPereira/Documents/Workspaces/contatooh/public/js/main.js
FN:3,(anonymous_1)
FNF:1
FNH:1
FNDA:2,(anonymous_1)
DA:3,1
DA:5,2
DA:7,2
DA:11,2
DA:16,2
DA:21,2
DA:26,2
LF:7
LH:7
BRF:0
BRH:0
end_of_record
TN:
SF:/Users/RaulPereira/Documents/Workspaces/contatooh/public/js/controllers/ContatoController.js
FN:3,(anonymous_1)
FN:9,(anonymous_2)
FN:11,(anonymous_3)
FN:22,(anonymous_4)
FN:24,(anonymous_5)
FN:29,(anonymous_6)
FN:38,(anonymous_7)
FNF:7
FNH:3
FNDA:2,(anonymous_1)
FNDA:1,(anonymous_2)
FNDA:0,(anonymous_3)
FNDA:0,(anonymous_4)
FNDA:0,(anonymous_5)
FNDA:0,(anonymous_6)
FNDA:1,(anonymous_7)
DA:3,1
DA:5,2
DA:6,1
DA:10,1
DA:12,0
DA:13,0
DA:19,1
DA:22,2
DA:23,0
DA:25,0
DA:28,0
DA:30,0
DA:34,0
DA:38,2
DA:39,1
LF:15
LH:8
BRDA:5,1,0,1
BRDA:5,1,1,1
BRF:2
BRH:2
end_of_record
TN:
SF:/Users/RaulPereira/Documents/Workspaces/contatooh/public/js/controllers/ContatosController.js
FN:3,(anonymous_1)
FN:11,(anonymous_2)
FN:15,buscaContatos
FN:16,(anonymous_4)
FN:19,(anonymous_5)
FN:27,(anonymous_6)
FN:31,(anonymous_7)
FNF:7
FNH:0
FNDA:0,(anonymous_1)
FNDA:0,(anonymous_2)
FNDA:0,buscaContatos
FNDA:0,(anonymous_4)
FNDA:0,(anonymous_5)
FNDA:0,(anonymous_6)
FNDA:0,(anonymous_7)
DA:3,1
DA:5,0
DA:7,0
DA:9,0
DA:11,0
DA:12,0
DA:15,1
DA:16,0
DA:17,0
DA:18,0
DA:20,0
DA:21,0
DA:27,0
DA:28,0
DA:32,0
DA:33,0
DA:40,0
LF:17
LH:2
BRF:0
BRH:0
end_of_record
TN:
SF:/Users/RaulPereira/Documents/Workspaces/contatooh/public/js/services/AuthInterceptorService.js
FN:3,(anonymous_1)
FN:6,(anonymous_2)
FNF:2
FNH:1
FNDA:2,(anonymous_1)
FNDA:0,(anonymous_2)
DA:3,1
DA:5,2
DA:7,0
DA:8,0
DA:10,0
DA:13,2
LF:6
LH:3
BRDA:7,1,0,0
BRDA:7,1,1,0
BRF:2
BRH:0
end_of_record
TN:
SF:/Users/RaulPereira/Documents/Workspaces/contatooh/public/js/services/ContatoService.js
FN:3,(anonymous_1)
FNF:1
FNH:1
FNDA:2,(anonymous_1)
DA:3,1
DA:5,2
LF:2
LH:2
BRF:0
BRH:0
end_of_record
TN:
SF:/Users/RaulPereira/Documents/Workspaces/contatooh/public/js/directives/ui/ui.js
FN:4,(anonymous_1)
FN:22,(anonymous_2)
FN:39,(anonymous_3)
FN:49,(anonymous_4)
FN:50,(anonymous_5)
FNF:5
FNH:5
FNDA:1,(anonymous_1)
FNDA:1,(anonymous_2)
FNDA:1,(anonymous_3)
FNDA:1,(anonymous_4)
FNDA:1,(anonymous_5)
DA:3,1
DA:6,1
DA:8,1
DA:10,1
DA:14,1
DA:16,1
DA:18,1
DA:24,1
DA:26,1
DA:28,1
DA:33,1
DA:35,1
DA:41,1
DA:43,1
DA:45,1
DA:49,1
DA:50,1
DA:51,1
DA:55,1
LF:19
LH:19
BRF:0
BRH:0
end_of_record
